<?xml version="1.0" encoding="utf-8"?>
<coverage line-rate="0.8974" branch-rate="0.8076000000000001" version="1.9" timestamp="1604257673" lines-covered="245" lines-valid="273" branches-covered="63" branches-valid="78">
  <sources>
    <source>D:\CaseStudy2\assist-purchase-s21b8\</source>
  </sources>
  <packages>
    <package name="AssistPurchaseData" line-rate="0.8658" branch-rate="0.8332999999999999" complexity="36">
      <classes>
        <class name="AssistPurchaseData.EmailDetails" filename="AssistPurchaseData\EmailDetails.cs" line-rate="1" branch-rate="1" complexity="2">
          <methods>
            <method name="get_EmailId" signature="()" line-rate="1" branch-rate="1" complexity="1">
              <lines>
                <line number="5" hits="2" branch="False" />
              </lines>
            </method>
            <method name="get_Message" signature="()" line-rate="1" branch-rate="1" complexity="1">
              <lines>
                <line number="6" hits="2" branch="False" />
              </lines>
            </method>
          </methods>
          <lines>
            <line number="5" hits="2" branch="False" />
            <line number="6" hits="2" branch="False" />
          </lines>
        </class>
        <class name="AssistPurchaseData.MonitoringDevice" filename="AssistPurchaseData\MonitoringDevice.cs" line-rate="1" branch-rate="1" complexity="13">
          <methods>
            <method name="get_DeviceName" signature="()" line-rate="1" branch-rate="1" complexity="1">
              <lines>
                <line number="5" hits="1642" branch="False" />
              </lines>
            </method>
            <method name="get_Ecg" signature="()" line-rate="1" branch-rate="1" complexity="1">
              <lines>
                <line number="7" hits="1727" branch="False" />
              </lines>
            </method>
            <method name="get_Spo2" signature="()" line-rate="1" branch-rate="1" complexity="1">
              <lines>
                <line number="8" hits="1599" branch="False" />
              </lines>
            </method>
            <method name="get_Respiration" signature="()" line-rate="1" branch-rate="1" complexity="1">
              <lines>
                <line number="9" hits="1819" branch="False" />
              </lines>
            </method>
            <method name="get_Hr" signature="()" line-rate="1" branch-rate="1" complexity="1">
              <lines>
                <line number="11" hits="1727" branch="False" />
              </lines>
            </method>
            <method name="get_PhysiologicalAlarming" signature="()" line-rate="1" branch-rate="1" complexity="1">
              <lines>
                <line number="12" hits="1663" branch="False" />
              </lines>
            </method>
            <method name="get_BloodPressure" signature="()" line-rate="1" branch-rate="1" complexity="1">
              <lines>
                <line number="13" hits="1863" branch="False" />
              </lines>
            </method>
            <method name="get_BatteryLife" signature="()" line-rate="1" branch-rate="1" complexity="1">
              <lines>
                <line number="18" hits="1503" branch="False" />
              </lines>
            </method>
            <method name="get_SupportedScreenOrientations" signature="()" line-rate="1" branch-rate="1" complexity="1">
              <lines>
                <line number="19" hits="1571" branch="False" />
              </lines>
            </method>
            <method name="get_Size" signature="()" line-rate="1" branch-rate="1" complexity="1">
              <lines>
                <line number="20" hits="1571" branch="False" />
              </lines>
            </method>
            <method name="get_MobileOrStatic" signature="()" line-rate="1" branch-rate="1" complexity="1">
              <lines>
                <line number="21" hits="1599" branch="False" />
              </lines>
            </method>
            <method name="get_AntiMicrobialGlass" signature="()" line-rate="1" branch-rate="1" complexity="1">
              <lines>
                <line number="22" hits="1511" branch="False" />
              </lines>
            </method>
            <method name="get_PatientLocation" signature="()" line-rate="1" branch-rate="1" complexity="1">
              <lines>
                <line number="23" hits="1571" branch="False" />
              </lines>
            </method>
          </methods>
          <lines>
            <line number="5" hits="1642" branch="False" />
            <line number="7" hits="1727" branch="False" />
            <line number="8" hits="1599" branch="False" />
            <line number="9" hits="1819" branch="False" />
            <line number="11" hits="1727" branch="False" />
            <line number="12" hits="1663" branch="False" />
            <line number="13" hits="1863" branch="False" />
            <line number="18" hits="1503" branch="False" />
            <line number="19" hits="1571" branch="False" />
            <line number="20" hits="1571" branch="False" />
            <line number="21" hits="1599" branch="False" />
            <line number="22" hits="1511" branch="False" />
            <line number="23" hits="1571" branch="False" />
          </lines>
        </class>
        <class name="AssistPurchaseData.Program" filename="AssistPurchaseData\Program.cs" line-rate="0" branch-rate="1" complexity="1">
          <methods>
            <method name="Main" signature="()" line-rate="0" branch-rate="1" complexity="1">
              <lines>
                <line number="6" hits="0" branch="False" />
                <line number="8" hits="0" branch="False" />
              </lines>
            </method>
          </methods>
          <lines>
            <line number="6" hits="0" branch="False" />
            <line number="8" hits="0" branch="False" />
          </lines>
        </class>
        <class name="AssistPurchaseData.UserDetails" filename="AssistPurchaseData\UserDetails.cs" line-rate="1" branch-rate="1" complexity="4">
          <methods>
            <method name="get_UserName" signature="()" line-rate="1" branch-rate="1" complexity="1">
              <lines>
                <line number="6" hits="4425" branch="False" />
              </lines>
            </method>
            <method name="get_Email" signature="()" line-rate="1" branch-rate="1" complexity="1">
              <lines>
                <line number="7" hits="1097" branch="False" />
              </lines>
            </method>
            <method name="get_ProductsBooked" signature="()" line-rate="1" branch-rate="1" complexity="1">
              <lines>
                <line number="8" hits="2505" branch="False" />
              </lines>
            </method>
            <method name="get_UserContactNo" signature="()" line-rate="1" branch-rate="1" complexity="1">
              <lines>
                <line number="9" hits="2249" branch="False" />
              </lines>
            </method>
          </methods>
          <lines>
            <line number="6" hits="4425" branch="False" />
            <line number="7" hits="1097" branch="False" />
            <line number="8" hits="2505" branch="False" />
            <line number="9" hits="2249" branch="False" />
          </lines>
        </class>
        <class name="AssistPurchaseData.UtilityFunctions" filename="AssistPurchaseData\UtilityFunctions.cs" line-rate="0.8523999999999999" branch-rate="0.8332999999999999" complexity="16">
          <methods>
            <method name="AddDevice" signature="(AssistPurchaseData.MonitoringDevice)" line-rate="1" branch-rate="1" complexity="1">
              <lines>
                <line number="19" hits="1" branch="False" />
                <line number="22" hits="1" branch="False" />
                <line number="23" hits="1" branch="False" />
                <line number="24" hits="1" branch="False" />
              </lines>
            </method>
            <method name="RemoveDevice" signature="(System.String)" line-rate="0.5714" branch-rate="0.75" complexity="4">
              <lines>
                <line number="27" hits="1" branch="False" />
                <line number="28" hits="1" branch="False" />
                <line number="29" hits="139" branch="True" condition-coverage="100% (2/2)">
                  <conditions>
                    <condition number="122" type="jump" coverage="100%" />
                  </conditions>
                </line>
                <line number="30" hits="68" branch="False" />
                <line number="31" hits="68" branch="True" condition-coverage="50% (1/2)">
                  <conditions>
                    <condition number="41" type="jump" coverage="50%" />
                  </conditions>
                </line>
                <line number="32" hits="0" branch="False" />
                <line number="37" hits="0" branch="False" />
                <line number="38" hits="0" branch="False" />
                <line number="39" hits="0" branch="False" />
                <line number="40" hits="0" branch="False" />
                <line number="41" hits="0" branch="False" />
                <line number="43" hits="68" branch="False" />
                <line number="45" hits="1" branch="False" />
                <line number="46" hits="1" branch="False" />
              </lines>
            </method>
            <method name="ReadDevice" signature="(System.String)" line-rate="1" branch-rate="1" complexity="4">
              <lines>
                <line number="49" hits="1" branch="False" />
                <line number="51" hits="1" branch="False" />
                <line number="52" hits="1" branch="False" />
                <line number="54" hits="139" branch="True" condition-coverage="100% (2/2)">
                  <conditions>
                    <condition number="63" type="jump" coverage="100%" />
                  </conditions>
                </line>
                <line number="55" hits="68" branch="False" />
                <line number="56" hits="68" branch="True" condition-coverage="100% (2/2)">
                  <conditions>
                    <condition number="49" type="jump" coverage="100%" />
                  </conditions>
                </line>
                <line number="57" hits="4" branch="False" />
                <line number="58" hits="4" branch="False" />
                <line number="59" hits="4" branch="False" />
                <line number="60" hits="68" branch="False" />
                <line number="61" hits="1" branch="False" />
                <line number="63" hits="1" branch="False" />
              </lines>
            </method>
            <method name="GetList" signature="()" line-rate="1" branch-rate="1" complexity="1">
              <lines>
                <line number="66" hits="11" branch="False" />
                <line number="67" hits="11" branch="False" />
                <line number="68" hits="10" branch="False" />
              </lines>
            </method>
            <method name="WriteToXml" signature="()" line-rate="1" branch-rate="1" complexity="1">
              <lines>
                <line number="71" hits="1" branch="False" />
                <line number="73" hits="1" branch="False" />
                <line number="74" hits="1" branch="False" />
                <line number="75" hits="1" branch="False" />
                <line number="76" hits="1" branch="False" />
                <line number="77" hits="1" branch="False" />
                <line number="78" hits="1" branch="False" />
                <line number="79" hits="1" branch="False" />
              </lines>
            </method>
            <method name="ReadFromXml" signature="()" line-rate="0.8234999999999999" branch-rate="0.75" complexity="4">
              <lines>
                <line number="82" hits="16" branch="False" />
                <line number="83" hits="16" branch="False" />
                <line number="85" hits="16" branch="True" condition-coverage="50% (1/2)">
                  <conditions>
                    <condition number="41" type="jump" coverage="50%" />
                  </conditions>
                </line>
                <line number="86" hits="16" branch="False" />
                <line number="87" hits="16" branch="False" />
                <line number="88" hits="15" branch="False" />
                <line number="89" hits="15" branch="False" />
                <line number="91" hits="2765" branch="True" condition-coverage="100% (2/2)">
                  <conditions>
                    <condition number="119" type="jump" coverage="100%" />
                  </conditions>
                </line>
                <line number="92" hits="1360" branch="False" />
                <line number="93" hits="1360" branch="False" />
                <line number="94" hits="1360" branch="False" />
                <line number="95" hits="15" branch="False" />
                <line number="97" hits="0" branch="False" />
                <line number="98" hits="0" branch="False" />
                <line number="101" hits="0" branch="False" />
                <line number="102" hits="15" branch="False" />
                <line number="103" hits="15" branch="False" />
              </lines>
            </method>
            <method name=".ctor" signature="()" line-rate="1" branch-rate="1" complexity="1">
              <lines>
                <line number="10" hits="17" branch="False" />
                <line number="12" hits="17" branch="False" />
                <line number="16" hits="17" branch="False" />
              </lines>
            </method>
          </methods>
          <lines>
            <line number="19" hits="1" branch="False" />
            <line number="22" hits="1" branch="False" />
            <line number="23" hits="1" branch="False" />
            <line number="24" hits="1" branch="False" />
            <line number="27" hits="1" branch="False" />
            <line number="28" hits="1" branch="False" />
            <line number="29" hits="139" branch="True" condition-coverage="100% (2/2)">
              <conditions>
                <condition number="122" type="jump" coverage="100%" />
              </conditions>
            </line>
            <line number="30" hits="68" branch="False" />
            <line number="31" hits="68" branch="True" condition-coverage="50% (1/2)">
              <conditions>
                <condition number="41" type="jump" coverage="50%" />
              </conditions>
            </line>
            <line number="32" hits="0" branch="False" />
            <line number="37" hits="0" branch="False" />
            <line number="38" hits="0" branch="False" />
            <line number="39" hits="0" branch="False" />
            <line number="40" hits="0" branch="False" />
            <line number="41" hits="0" branch="False" />
            <line number="43" hits="68" branch="False" />
            <line number="45" hits="1" branch="False" />
            <line number="46" hits="1" branch="False" />
            <line number="49" hits="1" branch="False" />
            <line number="51" hits="1" branch="False" />
            <line number="52" hits="1" branch="False" />
            <line number="54" hits="139" branch="True" condition-coverage="100% (2/2)">
              <conditions>
                <condition number="63" type="jump" coverage="100%" />
              </conditions>
            </line>
            <line number="55" hits="68" branch="False" />
            <line number="56" hits="68" branch="True" condition-coverage="100% (2/2)">
              <conditions>
                <condition number="49" type="jump" coverage="100%" />
              </conditions>
            </line>
            <line number="57" hits="4" branch="False" />
            <line number="58" hits="4" branch="False" />
            <line number="59" hits="4" branch="False" />
            <line number="60" hits="68" branch="False" />
            <line number="61" hits="1" branch="False" />
            <line number="63" hits="1" branch="False" />
            <line number="66" hits="11" branch="False" />
            <line number="67" hits="11" branch="False" />
            <line number="68" hits="10" branch="False" />
            <line number="71" hits="1" branch="False" />
            <line number="73" hits="1" branch="False" />
            <line number="74" hits="1" branch="False" />
            <line number="75" hits="1" branch="False" />
            <line number="76" hits="1" branch="False" />
            <line number="77" hits="1" branch="False" />
            <line number="78" hits="1" branch="False" />
            <line number="79" hits="1" branch="False" />
            <line number="82" hits="16" branch="False" />
            <line number="83" hits="16" branch="False" />
            <line number="85" hits="16" branch="True" condition-coverage="50% (1/2)">
              <conditions>
                <condition number="41" type="jump" coverage="50%" />
              </conditions>
            </line>
            <line number="86" hits="16" branch="False" />
            <line number="87" hits="16" branch="False" />
            <line number="88" hits="15" branch="False" />
            <line number="89" hits="15" branch="False" />
            <line number="91" hits="2765" branch="True" condition-coverage="100% (2/2)">
              <conditions>
                <condition number="119" type="jump" coverage="100%" />
              </conditions>
            </line>
            <line number="92" hits="1360" branch="False" />
            <line number="93" hits="1360" branch="False" />
            <line number="94" hits="1360" branch="False" />
            <line number="95" hits="15" branch="False" />
            <line number="97" hits="0" branch="False" />
            <line number="98" hits="0" branch="False" />
            <line number="101" hits="0" branch="False" />
            <line number="102" hits="15" branch="False" />
            <line number="103" hits="15" branch="False" />
            <line number="10" hits="17" branch="False" />
            <line number="12" hits="17" branch="False" />
            <line number="16" hits="17" branch="False" />
          </lines>
        </class>
      </classes>
    </package>
    <package name="Services" line-rate="0.9109" branch-rate="0.8029999999999999" complexity="71">
      <classes>
        <class name="Services.AlertUser" filename="Services\AlertUser.cs" line-rate="0.8823000000000001" branch-rate="0.7222" complexity="21">
          <methods>
            <method name="UserRegistration" signature="(AssistPurchaseData.UserDetails)" line-rate="1" branch-rate="1" complexity="1">
              <lines>
                <line number="19" hits="2" branch="False" />
                <line number="20" hits="2" branch="False" />
                <line number="21" hits="2" branch="False" />
                <line number="22" hits="2" branch="False" />
                <line number="23" hits="2" branch="False" />
              </lines>
            </method>
            <method name="NewModelEmailAlert" signature="()" line-rate="1" branch-rate="0.5" complexity="2">
              <lines>
                <line number="26" hits="1" branch="False" />
                <line number="27" hits="1" branch="False" />
                <line number="28" hits="1" branch="True" condition-coverage="50% (1/2)">
                  <conditions>
                    <condition number="26" type="jump" coverage="50%" />
                  </conditions>
                </line>
                <line number="29" hits="1" branch="False" />
                <line number="30" hits="1" branch="False" />
              </lines>
            </method>
            <method name="UserCallBackRequest" signature="(AssistPurchaseData.UserDetails)" line-rate="0.75" branch-rate="0.8332999999999999" complexity="6">
              <lines>
                <line number="33" hits="2" branch="False" />
                <line number="34" hits="2" branch="False" />
                <line number="35" hits="2310" branch="True" condition-coverage="100% (2/2)">
                  <conditions>
                    <condition number="97" type="jump" coverage="100%" />
                  </conditions>
                </line>
                <line number="36" hits="1152" branch="False" />
                <line number="38" hits="1152" branch="True" condition-coverage="75% (3/4)">
                  <conditions>
                    <condition number="44" type="jump" coverage="100%" />
                    <condition number="65" type="jump" coverage="50%" />
                  </conditions>
                </line>
                <line number="39" hits="0" branch="False" />
                <line number="40" hits="0" branch="False" />
                <line number="41" hits="0" branch="False" />
                <line number="43" hits="1152" branch="False" />
                <line number="44" hits="2" branch="False" />
                <line number="45" hits="2" branch="False" />
                <line number="46" hits="2" branch="False" />
              </lines>
            </method>
            <method name="OrderConfirmationEmailAlert" signature="(AssistPurchaseData.EmailDetails)" line-rate="0.875" branch-rate="0.5" complexity="2">
              <lines>
                <line number="49" hits="1" branch="False" />
                <line number="50" hits="1" branch="False" />
                <line number="51" hits="1" branch="False" />
                <line number="52" hits="1" branch="False" />
                <line number="53" hits="1" branch="True" condition-coverage="50% (1/2)">
                  <conditions>
                    <condition number="31" type="jump" coverage="50%" />
                  </conditions>
                </line>
                <line number="54" hits="1" branch="False" />
                <line number="55" hits="0" branch="False" />
                <line number="56" hits="1" branch="False" />
              </lines>
            </method>
            <method name="WriteToXml" signature="()" line-rate="1" branch-rate="1" complexity="1">
              <lines>
                <line number="58" hits="2" branch="False" />
                <line number="60" hits="2" branch="False" />
                <line number="61" hits="2" branch="False" />
                <line number="62" hits="2" branch="False" />
                <line number="63" hits="2" branch="False" />
                <line number="64" hits="2" branch="False" />
                <line number="65" hits="2" branch="False" />
                <line number="66" hits="2" branch="False" />
              </lines>
            </method>
            <method name="ReadFromXml" signature="()" line-rate="0.8234999999999999" branch-rate="0.75" complexity="4">
              <lines>
                <line number="68" hits="6" branch="False" />
                <line number="69" hits="6" branch="False" />
                <line number="71" hits="6" branch="True" condition-coverage="50% (1/2)">
                  <conditions>
                    <condition number="41" type="jump" coverage="50%" />
                  </conditions>
                </line>
                <line number="72" hits="6" branch="False" />
                <line number="73" hits="6" branch="False" />
                <line number="74" hits="6" branch="False" />
                <line number="75" hits="6" branch="False" />
                <line number="77" hits="3090" branch="True" condition-coverage="100% (2/2)">
                  <conditions>
                    <condition number="119" type="jump" coverage="100%" />
                  </conditions>
                </line>
                <line number="78" hits="1536" branch="False" />
                <line number="79" hits="1536" branch="False" />
                <line number="80" hits="1536" branch="False" />
                <line number="81" hits="6" branch="False" />
                <line number="83" hits="0" branch="False" />
                <line number="84" hits="0" branch="False" />
                <line number="87" hits="0" branch="False" />
                <line number="88" hits="6" branch="False" />
                <line number="89" hits="6" branch="False" />
              </lines>
            </method>
            <method name="GetUserDetails" signature="(System.String)" line-rate="0.9" branch-rate="0.75" complexity="4">
              <lines>
                <line number="91" hits="1" branch="False" />
                <line number="93" hits="1" branch="False" />
                <line number="94" hits="1" branch="False" />
                <line number="95" hits="771" branch="True" condition-coverage="100% (2/2)">
                  <conditions>
                    <condition number="75" type="jump" coverage="100%" />
                  </conditions>
                </line>
                <line number="96" hits="384" branch="False" />
                <line number="97" hits="384" branch="True" condition-coverage="50% (1/2)">
                  <conditions>
                    <condition number="57" type="jump" coverage="50%" />
                  </conditions>
                </line>
                <line number="98" hits="0" branch="False" />
                <line number="99" hits="384" branch="False" />
                <line number="100" hits="1" branch="False" />
                <line number="101" hits="1" branch="False" />
              </lines>
            </method>
            <method name=".ctor" signature="()" line-rate="1" branch-rate="1" complexity="1">
              <lines>
                <line number="13" hits="6" branch="False" />
                <line number="15" hits="6" branch="False" />
                <line number="16" hits="6" branch="False" />
              </lines>
            </method>
          </methods>
          <lines>
            <line number="19" hits="2" branch="False" />
            <line number="20" hits="2" branch="False" />
            <line number="21" hits="2" branch="False" />
            <line number="22" hits="2" branch="False" />
            <line number="23" hits="2" branch="False" />
            <line number="26" hits="1" branch="False" />
            <line number="27" hits="1" branch="False" />
            <line number="28" hits="1" branch="True" condition-coverage="50% (1/2)">
              <conditions>
                <condition number="26" type="jump" coverage="50%" />
              </conditions>
            </line>
            <line number="29" hits="1" branch="False" />
            <line number="30" hits="1" branch="False" />
            <line number="33" hits="2" branch="False" />
            <line number="34" hits="2" branch="False" />
            <line number="35" hits="2310" branch="True" condition-coverage="100% (2/2)">
              <conditions>
                <condition number="97" type="jump" coverage="100%" />
              </conditions>
            </line>
            <line number="36" hits="1152" branch="False" />
            <line number="38" hits="1152" branch="True" condition-coverage="75% (3/4)">
              <conditions>
                <condition number="44" type="jump" coverage="100%" />
                <condition number="65" type="jump" coverage="50%" />
              </conditions>
            </line>
            <line number="39" hits="0" branch="False" />
            <line number="40" hits="0" branch="False" />
            <line number="41" hits="0" branch="False" />
            <line number="43" hits="1152" branch="False" />
            <line number="44" hits="2" branch="False" />
            <line number="45" hits="2" branch="False" />
            <line number="46" hits="2" branch="False" />
            <line number="49" hits="1" branch="False" />
            <line number="50" hits="1" branch="False" />
            <line number="51" hits="1" branch="False" />
            <line number="52" hits="1" branch="False" />
            <line number="53" hits="1" branch="True" condition-coverage="50% (1/2)">
              <conditions>
                <condition number="31" type="jump" coverage="50%" />
              </conditions>
            </line>
            <line number="54" hits="1" branch="False" />
            <line number="55" hits="0" branch="False" />
            <line number="56" hits="1" branch="False" />
            <line number="58" hits="2" branch="False" />
            <line number="60" hits="2" branch="False" />
            <line number="61" hits="2" branch="False" />
            <line number="62" hits="2" branch="False" />
            <line number="63" hits="2" branch="False" />
            <line number="64" hits="2" branch="False" />
            <line number="65" hits="2" branch="False" />
            <line number="66" hits="2" branch="False" />
            <line number="68" hits="6" branch="False" />
            <line number="69" hits="6" branch="False" />
            <line number="71" hits="6" branch="True" condition-coverage="50% (1/2)">
              <conditions>
                <condition number="41" type="jump" coverage="50%" />
              </conditions>
            </line>
            <line number="72" hits="6" branch="False" />
            <line number="73" hits="6" branch="False" />
            <line number="74" hits="6" branch="False" />
            <line number="75" hits="6" branch="False" />
            <line number="77" hits="3090" branch="True" condition-coverage="100% (2/2)">
              <conditions>
                <condition number="119" type="jump" coverage="100%" />
              </conditions>
            </line>
            <line number="78" hits="1536" branch="False" />
            <line number="79" hits="1536" branch="False" />
            <line number="80" hits="1536" branch="False" />
            <line number="81" hits="6" branch="False" />
            <line number="83" hits="0" branch="False" />
            <line number="84" hits="0" branch="False" />
            <line number="87" hits="0" branch="False" />
            <line number="88" hits="6" branch="False" />
            <line number="89" hits="6" branch="False" />
            <line number="91" hits="1" branch="False" />
            <line number="93" hits="1" branch="False" />
            <line number="94" hits="1" branch="False" />
            <line number="95" hits="771" branch="True" condition-coverage="100% (2/2)">
              <conditions>
                <condition number="75" type="jump" coverage="100%" />
              </conditions>
            </line>
            <line number="96" hits="384" branch="False" />
            <line number="97" hits="384" branch="True" condition-coverage="50% (1/2)">
              <conditions>
                <condition number="57" type="jump" coverage="50%" />
              </conditions>
            </line>
            <line number="98" hits="0" branch="False" />
            <line number="99" hits="384" branch="False" />
            <line number="100" hits="1" branch="False" />
            <line number="101" hits="1" branch="False" />
            <line number="13" hits="6" branch="False" />
            <line number="15" hits="6" branch="False" />
            <line number="16" hits="6" branch="False" />
          </lines>
        </class>
        <class name="Services.EmailService/EmailAlert" filename="Services\EmailService.cs" line-rate="1" branch-rate="1" complexity="2">
          <methods>
            <method name="Alert" signature="(System.String)" line-rate="1" branch-rate="1" complexity="1">
              <lines>
                <line number="21" hits="2" branch="False" />
                <line number="22" hits="2" branch="False" />
                <line number="23" hits="2" branch="False" />
                <line number="24" hits="2" branch="False" />
                <line number="25" hits="2" branch="False" />
                <line number="26" hits="2" branch="False" />
                <line number="27" hits="2" branch="False" />
                <line number="28" hits="2" branch="False" />
                <line number="30" hits="2" branch="False" />
                <line number="31" hits="2" branch="False" />
              </lines>
            </method>
            <method name=".ctor" signature="(System.String)" line-rate="1" branch-rate="1" complexity="1">
              <lines>
                <line number="15" hits="2" branch="False" />
                <line number="16" hits="2" branch="False" />
                <line number="17" hits="2" branch="False" />
                <line number="18" hits="2" branch="False" />
              </lines>
            </method>
          </methods>
          <lines>
            <line number="21" hits="2" branch="False" />
            <line number="22" hits="2" branch="False" />
            <line number="23" hits="2" branch="False" />
            <line number="24" hits="2" branch="False" />
            <line number="25" hits="2" branch="False" />
            <line number="26" hits="2" branch="False" />
            <line number="27" hits="2" branch="False" />
            <line number="28" hits="2" branch="False" />
            <line number="30" hits="2" branch="False" />
            <line number="31" hits="2" branch="False" />
            <line number="15" hits="2" branch="False" />
            <line number="16" hits="2" branch="False" />
            <line number="17" hits="2" branch="False" />
            <line number="18" hits="2" branch="False" />
          </lines>
        </class>
        <class name="Services.FilterMonitoringDevices" filename="Services\FilterMonitoringDevices.cs" line-rate="0.9174" branch-rate="0.8332999999999999" complexity="48">
          <methods>
            <method name="GetCardiacType" signature="()" line-rate="1" branch-rate="0.8332999999999999" complexity="6">
              <lines>
                <line number="13" hits="1" branch="False" />
                <line number="14" hits="1" branch="False" />
                <line number="15" hits="1" branch="False" />
                <line number="16" hits="1" branch="False" />
                <line number="18" hits="275" branch="True" condition-coverage="100% (2/2)">
                  <conditions>
                    <condition number="126" type="jump" coverage="100%" />
                  </conditions>
                </line>
                <line number="19" hits="136" branch="False" />
                <line number="20" hits="136" branch="True" condition-coverage="75% (3/4)">
                  <conditions>
                    <condition number="80" type="jump" coverage="50%" />
                    <condition number="103" type="jump" coverage="100%" />
                  </conditions>
                </line>
                <line number="21" hits="88" branch="False" />
                <line number="22" hits="136" branch="False" />
                <line number="23" hits="1" branch="False" />
                <line number="25" hits="1" branch="False" />
              </lines>
            </method>
            <method name="GetPneumoniaType" signature="()" line-rate="1" branch-rate="1" complexity="6">
              <lines>
                <line number="30" hits="1" branch="False" />
                <line number="32" hits="1" branch="False" />
                <line number="33" hits="1" branch="False" />
                <line number="34" hits="1" branch="False" />
                <line number="36" hits="139" branch="True" condition-coverage="100% (2/2)">
                  <conditions>
                    <condition number="126" type="jump" coverage="100%" />
                  </conditions>
                </line>
                <line number="37" hits="68" branch="False" />
                <line number="38" hits="68" branch="True" condition-coverage="100% (4/4)">
                  <conditions>
                    <condition number="80" type="jump" coverage="100%" />
                    <condition number="103" type="jump" coverage="100%" />
                  </conditions>
                </line>
                <line number="39" hits="48" branch="False" />
                <line number="40" hits="68" branch="False" />
                <line number="41" hits="1" branch="False" />
                <line number="43" hits="1" branch="False" />
              </lines>
            </method>
            <method name="GetCovid19Type" signature="()" line-rate="1" branch-rate="1" complexity="6">
              <lines>
                <line number="49" hits="1" branch="False" />
                <line number="50" hits="1" branch="False" />
                <line number="51" hits="1" branch="False" />
                <line number="52" hits="1" branch="False" />
                <line number="54" hits="275" branch="True" condition-coverage="100% (2/2)">
                  <conditions>
                    <condition number="126" type="jump" coverage="100%" />
                  </conditions>
                </line>
                <line number="55" hits="136" branch="False" />
                <line number="56" hits="136" branch="True" condition-coverage="100% (4/4)">
                  <conditions>
                    <condition number="80" type="jump" coverage="100%" />
                    <condition number="103" type="jump" coverage="100%" />
                  </conditions>
                </line>
                <line number="57" hits="64" branch="False" />
                <line number="58" hits="136" branch="False" />
                <line number="59" hits="1" branch="False" />
                <line number="60" hits="1" branch="False" />
              </lines>
            </method>
            <method name="GetAllDevices" signature="()" line-rate="1" branch-rate="1" complexity="2">
              <lines>
                <line number="63" hits="1" branch="False" />
                <line number="64" hits="1" branch="False" />
                <line number="65" hits="1" branch="False" />
                <line number="66" hits="1" branch="False" />
                <line number="68" hits="139" branch="True" condition-coverage="100% (2/2)">
                  <conditions>
                    <condition number="85" type="jump" coverage="100%" />
                  </conditions>
                </line>
                <line number="69" hits="68" branch="False" />
                <line number="70" hits="68" branch="False" />
                <line number="71" hits="68" branch="False" />
                <line number="72" hits="1" branch="False" />
                <line number="73" hits="1" branch="False" />
              </lines>
            </method>
            <method name="GetHighBpType" signature="()" line-rate="1" branch-rate="1" complexity="4">
              <lines>
                <line number="76" hits="1" branch="False" />
                <line number="77" hits="1" branch="False" />
                <line number="78" hits="1" branch="False" />
                <line number="79" hits="1" branch="False" />
                <line number="81" hits="275" branch="True" condition-coverage="100% (2/2)">
                  <conditions>
                    <condition number="105" type="jump" coverage="100%" />
                  </conditions>
                </line>
                <line number="82" hits="136" branch="False" />
                <line number="83" hits="136" branch="True" condition-coverage="100% (2/2)">
                  <conditions>
                    <condition number="82" type="jump" coverage="100%" />
                  </conditions>
                </line>
                <line number="84" hits="64" branch="False" />
                <line number="85" hits="136" branch="False" />
                <line number="86" hits="1" branch="False" />
                <line number="87" hits="1" branch="False" />
              </lines>
            </method>
            <method name="GetBatteryLifeType" signature="(System.String)" line-rate="0.3636" branch-rate="0" complexity="4">
              <lines>
                <line number="114" hits="1" branch="False" />
                <line number="115" hits="1" branch="False" />
                <line number="116" hits="1" branch="False" />
                <line number="117" hits="1" branch="False" />
                <line number="119" hits="0" branch="True" condition-coverage="0% (0/2)">
                  <conditions>
                    <condition number="101" type="jump" coverage="0%" />
                  </conditions>
                </line>
                <line number="120" hits="0" branch="False" />
                <line number="121" hits="0" branch="True" condition-coverage="0% (0/2)">
                  <conditions>
                    <condition number="78" type="jump" coverage="0%" />
                  </conditions>
                </line>
                <line number="122" hits="0" branch="False" />
                <line number="123" hits="0" branch="False" />
                <line number="124" hits="0" branch="False" />
                <line number="125" hits="0" branch="False" />
              </lines>
            </method>
            <method name="GetMobileorStaticType" signature="(System.String)" line-rate="1" branch-rate="1" complexity="4">
              <lines>
                <line number="132" hits="1" branch="False" />
                <line number="134" hits="1" branch="False" />
                <line number="135" hits="1" branch="False" />
                <line number="136" hits="1" branch="False" />
                <line number="138" hits="139" branch="True" condition-coverage="100% (2/2)">
                  <conditions>
                    <condition number="101" type="jump" coverage="100%" />
                  </conditions>
                </line>
                <line number="139" hits="68" branch="False" />
                <line number="140" hits="68" branch="True" condition-coverage="100% (2/2)">
                  <conditions>
                    <condition number="78" type="jump" coverage="100%" />
                  </conditions>
                </line>
                <line number="141" hits="28" branch="False" />
                <line number="142" hits="68" branch="False" />
                <line number="143" hits="1" branch="False" />
                <line number="144" hits="1" branch="False" />
              </lines>
            </method>
            <method name="GetAdvancedFeaturesType" signature="()" line-rate="0.909" branch-rate="0.8332999999999999" complexity="6">
              <lines>
                <line number="150" hits="1" branch="False" />
                <line number="151" hits="1" branch="False" />
                <line number="152" hits="1" branch="False" />
                <line number="153" hits="1" branch="False" />
                <line number="155" hits="139" branch="True" condition-coverage="100% (2/2)">
                  <conditions>
                    <condition number="126" type="jump" coverage="100%" />
                  </conditions>
                </line>
                <line number="156" hits="68" branch="False" />
                <line number="157" hits="68" branch="True" condition-coverage="75% (3/4)">
                  <conditions>
                    <condition number="80" type="jump" coverage="100%" />
                    <condition number="103" type="jump" coverage="50%" />
                  </conditions>
                </line>
                <line number="158" hits="0" branch="False" />
                <line number="159" hits="68" branch="False" />
                <line number="160" hits="1" branch="False" />
                <line number="161" hits="1" branch="False" />
              </lines>
            </method>
            <method name="GetDisplay" signature="(System.String)" line-rate="0.909" branch-rate="0.6666" complexity="6">
              <lines>
                <line number="170" hits="1" branch="False" />
                <line number="171" hits="1" branch="False" />
                <line number="172" hits="1" branch="False" />
                <line number="173" hits="1" branch="False" />
                <line number="175" hits="139" branch="True" condition-coverage="100% (2/2)">
                  <conditions>
                    <condition number="122" type="jump" coverage="100%" />
                  </conditions>
                </line>
                <line number="176" hits="68" branch="False" />
                <line number="177" hits="68" branch="True" condition-coverage="50% (2/4)">
                  <conditions>
                    <condition number="76" type="jump" coverage="50%" />
                    <condition number="99" type="jump" coverage="50%" />
                  </conditions>
                </line>
                <line number="178" hits="0" branch="False" />
                <line number="179" hits="68" branch="False" />
                <line number="180" hits="1" branch="False" />
                <line number="181" hits="1" branch="False" />
              </lines>
            </method>
            <method name="GetAlaramingType" signature="()" line-rate="1" branch-rate="1" complexity="4">
              <lines>
                <line number="187" hits="1" branch="False" />
                <line number="188" hits="1" branch="False" />
                <line number="189" hits="1" branch="False" />
                <line number="190" hits="1" branch="False" />
                <line number="192" hits="275" branch="True" condition-coverage="100% (2/2)">
                  <conditions>
                    <condition number="105" type="jump" coverage="100%" />
                  </conditions>
                </line>
                <line number="193" hits="136" branch="False" />
                <line number="194" hits="136" branch="True" condition-coverage="100% (2/2)">
                  <conditions>
                    <condition number="82" type="jump" coverage="100%" />
                  </conditions>
                </line>
                <line number="195" hits="24" branch="False" />
                <line number="196" hits="136" branch="False" />
                <line number="197" hits="1" branch="False" />
                <line number="198" hits="1" branch="False" />
              </lines>
            </method>
          </methods>
          <lines>
            <line number="13" hits="1" branch="False" />
            <line number="14" hits="1" branch="False" />
            <line number="15" hits="1" branch="False" />
            <line number="16" hits="1" branch="False" />
            <line number="18" hits="275" branch="True" condition-coverage="100% (2/2)">
              <conditions>
                <condition number="126" type="jump" coverage="100%" />
              </conditions>
            </line>
            <line number="19" hits="136" branch="False" />
            <line number="20" hits="136" branch="True" condition-coverage="75% (3/4)">
              <conditions>
                <condition number="80" type="jump" coverage="50%" />
                <condition number="103" type="jump" coverage="100%" />
              </conditions>
            </line>
            <line number="21" hits="88" branch="False" />
            <line number="22" hits="136" branch="False" />
            <line number="23" hits="1" branch="False" />
            <line number="25" hits="1" branch="False" />
            <line number="30" hits="1" branch="False" />
            <line number="32" hits="1" branch="False" />
            <line number="33" hits="1" branch="False" />
            <line number="34" hits="1" branch="False" />
            <line number="36" hits="139" branch="True" condition-coverage="100% (2/2)">
              <conditions>
                <condition number="126" type="jump" coverage="100%" />
              </conditions>
            </line>
            <line number="37" hits="68" branch="False" />
            <line number="38" hits="68" branch="True" condition-coverage="100% (4/4)">
              <conditions>
                <condition number="80" type="jump" coverage="100%" />
                <condition number="103" type="jump" coverage="100%" />
              </conditions>
            </line>
            <line number="39" hits="48" branch="False" />
            <line number="40" hits="68" branch="False" />
            <line number="41" hits="1" branch="False" />
            <line number="43" hits="1" branch="False" />
            <line number="49" hits="1" branch="False" />
            <line number="50" hits="1" branch="False" />
            <line number="51" hits="1" branch="False" />
            <line number="52" hits="1" branch="False" />
            <line number="54" hits="275" branch="True" condition-coverage="100% (2/2)">
              <conditions>
                <condition number="126" type="jump" coverage="100%" />
              </conditions>
            </line>
            <line number="55" hits="136" branch="False" />
            <line number="56" hits="136" branch="True" condition-coverage="100% (4/4)">
              <conditions>
                <condition number="80" type="jump" coverage="100%" />
                <condition number="103" type="jump" coverage="100%" />
              </conditions>
            </line>
            <line number="57" hits="64" branch="False" />
            <line number="58" hits="136" branch="False" />
            <line number="59" hits="1" branch="False" />
            <line number="60" hits="1" branch="False" />
            <line number="63" hits="1" branch="False" />
            <line number="64" hits="1" branch="False" />
            <line number="65" hits="1" branch="False" />
            <line number="66" hits="1" branch="False" />
            <line number="68" hits="139" branch="True" condition-coverage="100% (2/2)">
              <conditions>
                <condition number="85" type="jump" coverage="100%" />
              </conditions>
            </line>
            <line number="69" hits="68" branch="False" />
            <line number="70" hits="68" branch="False" />
            <line number="71" hits="68" branch="False" />
            <line number="72" hits="1" branch="False" />
            <line number="73" hits="1" branch="False" />
            <line number="76" hits="1" branch="False" />
            <line number="77" hits="1" branch="False" />
            <line number="78" hits="1" branch="False" />
            <line number="79" hits="1" branch="False" />
            <line number="81" hits="275" branch="True" condition-coverage="100% (2/2)">
              <conditions>
                <condition number="105" type="jump" coverage="100%" />
              </conditions>
            </line>
            <line number="82" hits="136" branch="False" />
            <line number="83" hits="136" branch="True" condition-coverage="100% (2/2)">
              <conditions>
                <condition number="82" type="jump" coverage="100%" />
              </conditions>
            </line>
            <line number="84" hits="64" branch="False" />
            <line number="85" hits="136" branch="False" />
            <line number="86" hits="1" branch="False" />
            <line number="87" hits="1" branch="False" />
            <line number="114" hits="1" branch="False" />
            <line number="115" hits="1" branch="False" />
            <line number="116" hits="1" branch="False" />
            <line number="117" hits="1" branch="False" />
            <line number="119" hits="0" branch="True" condition-coverage="0% (0/2)">
              <conditions>
                <condition number="101" type="jump" coverage="0%" />
              </conditions>
            </line>
            <line number="120" hits="0" branch="False" />
            <line number="121" hits="0" branch="True" condition-coverage="0% (0/2)">
              <conditions>
                <condition number="78" type="jump" coverage="0%" />
              </conditions>
            </line>
            <line number="122" hits="0" branch="False" />
            <line number="123" hits="0" branch="False" />
            <line number="124" hits="0" branch="False" />
            <line number="125" hits="0" branch="False" />
            <line number="132" hits="1" branch="False" />
            <line number="134" hits="1" branch="False" />
            <line number="135" hits="1" branch="False" />
            <line number="136" hits="1" branch="False" />
            <line number="138" hits="139" branch="True" condition-coverage="100% (2/2)">
              <conditions>
                <condition number="101" type="jump" coverage="100%" />
              </conditions>
            </line>
            <line number="139" hits="68" branch="False" />
            <line number="140" hits="68" branch="True" condition-coverage="100% (2/2)">
              <conditions>
                <condition number="78" type="jump" coverage="100%" />
              </conditions>
            </line>
            <line number="141" hits="28" branch="False" />
            <line number="142" hits="68" branch="False" />
            <line number="143" hits="1" branch="False" />
            <line number="144" hits="1" branch="False" />
            <line number="150" hits="1" branch="False" />
            <line number="151" hits="1" branch="False" />
            <line number="152" hits="1" branch="False" />
            <line number="153" hits="1" branch="False" />
            <line number="155" hits="139" branch="True" condition-coverage="100% (2/2)">
              <conditions>
                <condition number="126" type="jump" coverage="100%" />
              </conditions>
            </line>
            <line number="156" hits="68" branch="False" />
            <line number="157" hits="68" branch="True" condition-coverage="75% (3/4)">
              <conditions>
                <condition number="80" type="jump" coverage="100%" />
                <condition number="103" type="jump" coverage="50%" />
              </conditions>
            </line>
            <line number="158" hits="0" branch="False" />
            <line number="159" hits="68" branch="False" />
            <line number="160" hits="1" branch="False" />
            <line number="161" hits="1" branch="False" />
            <line number="170" hits="1" branch="False" />
            <line number="171" hits="1" branch="False" />
            <line number="172" hits="1" branch="False" />
            <line number="173" hits="1" branch="False" />
            <line number="175" hits="139" branch="True" condition-coverage="100% (2/2)">
              <conditions>
                <condition number="122" type="jump" coverage="100%" />
              </conditions>
            </line>
            <line number="176" hits="68" branch="False" />
            <line number="177" hits="68" branch="True" condition-coverage="50% (2/4)">
              <conditions>
                <condition number="76" type="jump" coverage="50%" />
                <condition number="99" type="jump" coverage="50%" />
              </conditions>
            </line>
            <line number="178" hits="0" branch="False" />
            <line number="179" hits="68" branch="False" />
            <line number="180" hits="1" branch="False" />
            <line number="181" hits="1" branch="False" />
            <line number="187" hits="1" branch="False" />
            <line number="188" hits="1" branch="False" />
            <line number="189" hits="1" branch="False" />
            <line number="190" hits="1" branch="False" />
            <line number="192" hits="275" branch="True" condition-coverage="100% (2/2)">
              <conditions>
                <condition number="105" type="jump" coverage="100%" />
              </conditions>
            </line>
            <line number="193" hits="136" branch="False" />
            <line number="194" hits="136" branch="True" condition-coverage="100% (2/2)">
              <conditions>
                <condition number="82" type="jump" coverage="100%" />
              </conditions>
            </line>
            <line number="195" hits="24" branch="False" />
            <line number="196" hits="136" branch="False" />
            <line number="197" hits="1" branch="False" />
            <line number="198" hits="1" branch="False" />
          </lines>
        </class>
      </classes>
    </package>
  </packages>
</coverage>